#
# A fatal error has been detected by the Java Runtime Environment:
#
#  SIGSEGV (0xb) at pc=0x0000000100cb6d68, pid=1997, tid=0x0000000000000f23
#
# JRE version: Java(TM) SE Runtime Environment (8.0_181-b13) (build 1.8.0_181-b13)
# Java VM: Java HotSpot(TM) 64-Bit Server VM (25.181-b13 mixed mode bsd-amd64 compressed oops)
# Problematic frame:
# V  [libjvm.dylib+0x2b6d68]  binary_search(Array<Method*>*, Symbol*)+0x4
#
# Failed to write core dump. Core dumps have been disabled. To enable core dumping, try "ulimit -c unlimited" before starting Java again
#
# If you would like to submit a bug report, please visit:
#   http://bugreport.java.com/bugreport/crash.jsp
#

---------------  T H R E A D  ---------------

Current thread (0x00007f8c08581000):  JavaThread "Thread-104" [_thread_in_vm, id=3875, stack(0x0000700002b7a000,0x0000700002c7a000)]

siginfo: si_signo: 11 (SIGSEGV), si_code: 1 (SEGV_MAPERR), si_addr: 0x0000000146a67bc0

Registers:
RAX=0x00000001012d8120, RBX=0x0000000000000000, RCX=0x0000000000000000, RDX=0x00000001070249b0
RSP=0x0000700002c77780, RBP=0x0000700002c77780, RSI=0x00000001070228b0, RDI=0x0000000146a67bc0
R8 =0x0000000000000000, R9 =0x0000000000000000, R10=0x000000010af3170f, R11=0x00000000f2d54984
R12=0x0000000146a67bc0, R13=0x00000000e816a6a6, R14=0x00000001070228b0, R15=0x00000007c00462f8
RIP=0x0000000100cb6d68, EFLAGS=0x0000000000010206, ERR=0x0000000000000004
  TRAPNO=0x000000000000000e

Top of Stack: (sp=0x0000700002c77780)
0x0000700002c77780:   0000700002c777e0 0000000100cb6e80
0x0000700002c77790:   00007f8c00000000 0000000000000000
0x0000700002c777a0:   00000001070228b0 00000001070249b0
0x0000700002c777b0:   0000000146a67bc0 00000001070249b0
0x0000700002c777c0:   0000000146a67bc0 00000000e816a6a6
0x0000700002c777d0:   00000001070228b0 00000007c00462f8
0x0000700002c777e0:   0000700002c77810 0000000100cb70e5
0x0000700002c777f0:   0000000000000000 0000700002c77948
0x0000700002c77800:   00007f8c0dc87af8 00007f8c08581000
0x0000700002c77810:   0000700002c78050 0000000100d5045b
0x0000700002c77820:   00007f8c085811f8 00007f8c06c09a90
0x0000700002c77830:   0000700002c77fc0 0000000796a9dc70
0x0000700002c77840:   000000010aedb23f 0000000100000001
0x0000700002c77850:   00007f8c08581000 0000700002c77fe8
0x0000700002c77860:   000000010aedae10 0000000796a9da48
0x0000700002c77870:   000000011aa3d540 0000700000010100
0x0000700002c77880:   0000700002c77950 0000700002c77838
0x0000700002c77890:   0000700002c77879 0000000800000001
0x0000700002c778a0:   000000011aa3d500 00007f8c0000000c
0x0000700002c778b0:   0000000796aa3d68 00000007c000ef00
0x0000700002c778c0:   000000074010c060 0000700002c78040
0x0000700002c778d0:   0000000000000000 0000700002c78040
0x0000700002c778e0:   000000010c10f35c 000000010c10f150
0x0000700002c778f0:   0000000700000000 0000000740045438
0x0000700002c77900:   0000700002c78040 00007f8c08581000
0x0000700002c77910:   000000010b06d030 000000010b06cd50
0x0000700002c77920:   0000000000000000 0000000741c87e80
0x0000700002c77930:   0000700002c78070 00007f8c08581000
0x0000700002c77940:   0000700002c77980 0000700002c780b0
0x0000700002c77950:   000000010cd7fb24 000000010cd7eed0
0x0000700002c77960:   0000000100000000 00000000e816a646
0x0000700002c77970:   0000700002c780b0 00007f8c08581000 

Instructions: (pc=0x0000000100cb6d68)
0x0000000100cb6d48:   44 f9 08 4c 8b 40 08 45 0f b7 40 26 41 39 f0 74
0x0000000100cb6d58:   eb 48 ff c7 39 d7 7c e6 31 c0 eb e0 55 48 89 e5
0x0000000100cb6d68:   8b 0f ff c9 31 d2 eb 33 ff c0 89 c2 eb 2d 8d 04
0x0000000100cb6d78:   11 d1 f8 4c 63 c0 4e 8b 44 c7 08 4d 8b 40 08 45 

Register to memory mapping:

RAX=0x00000001012d8120: _ZTV13InstanceKlass+0x10 in /Library/Java/JavaVirtualMachines/jdk1.8.0_181.jdk/Contents/Home/jre/lib/server/libjvm.dylib at 0x0000000100a00000
RBX=0x0000000000000000 is an unknown value
RCX=0x0000000000000000 is an unknown value
RDX=0x00000001070249b0 is an unknown value
RSP=0x0000700002c77780 is pointing into the stack for thread: 0x00007f8c08581000
RBP=0x0000700002c77780 is pointing into the stack for thread: 0x00007f8c08581000
RSI=0x00000001070228b0 is an unknown value
RDI=0x0000000146a67bc0 is an unknown value
R8 =0x0000000000000000 is an unknown value
R9 =0x0000000000000000 is an unknown value
R10=0x000000010af3170f is at entry_point+79 in (nmethod*)0x000000010af31550
R11=0x00000000f2d54984 is an unknown value
R12=0x0000000146a67bc0 is an unknown value
R13=0x00000000e816a6a6 is an unknown value
R14=0x00000001070228b0 is an unknown value
R15=0x00000007c00462f8 is pointing into metadata


Stack: [0x0000700002b7a000,0x0000700002c7a000],  sp=0x0000700002c77780,  free space=1013k
Native frames: (J=compiled Java code, j=interpreted, Vv=VM code, C=native code)
V  [libjvm.dylib+0x2b6d68]  binary_search(Array<Method*>*, Symbol*)+0x4
V  [libjvm.dylib+0x2b6e80]  InstanceKlass::find_method_index(Array<Method*>*, Symbol*, Symbol*, Klass::OverpassLookupMode, Klass::StaticLookupMode, Klass::PrivateLookupMode)+0x2c
V  [libjvm.dylib+0x2b70e5]  InstanceKlass::uncached_lookup_method(Symbol*, Symbol*, Klass::OverpassLookupMode) const+0x31
V  [libjvm.dylib+0x35045b]  JVM_DoPrivileged+0x363
J 1192  java.security.AccessController.doPrivileged(Ljava/security/PrivilegedAction;)Ljava/lang/Object; (0 bytes) @ 0x000000010af3177f [0x000000010af316c0+0xbf]
J 13231 C2 sun.net.www.protocol.jar.JarURLConnection.connect()V (163 bytes) @ 0x000000010cd7fb24 [0x000000010cd7f320+0x804]
J 16847 C2 sun.net.www.protocol.jar.JarURLConnection.getInputStream()Ljava/io/InputStream; (97 bytes) @ 0x000000010c253978 [0x000000010c253940+0x38]
J 2287 C1 java.net.URLClassLoader.getResourceAsStream(Ljava/lang/String;)Ljava/io/InputStream; (137 bytes) @ 0x000000010b2a23ec [0x000000010b2a2080+0x36c]
j  org.apache.catalina.loader.WebappClassLoaderBase.getResourceAsStream(Ljava/lang/String;)Ljava/io/InputStream;+122
j  org.apache.catalina.loader.WebappClassLoaderBase.clearReferencesJdbc()V+12
j  org.apache.catalina.loader.WebappClassLoaderBase.clearReferences()V+67
j  org.apache.catalina.loader.WebappClassLoaderBase.stop()V+8
j  org.apache.catalina.loader.WebappLoader.stopInternal()V+63
J 15788 C1 org.apache.catalina.util.LifecycleBase.stop()V (347 bytes) @ 0x000000010b2034e4 [0x000000010b201a40+0x1aa4]
j  org.apache.catalina.core.StandardContext.stopInternal()V+363
J 15788 C1 org.apache.catalina.util.LifecycleBase.stop()V (347 bytes) @ 0x000000010b2034e4 [0x000000010b201a40+0x1aa4]
j  org.apache.catalina.core.ContainerBase$StopChild.call()Ljava/lang/Void;+19
j  org.apache.catalina.core.ContainerBase$StopChild.call()Ljava/lang/Object;+1
J 18024 C1 java.util.concurrent.FutureTask.run()V (126 bytes) @ 0x000000010c207f54 [0x000000010c207d00+0x254]
j  org.apache.tomcat.util.threads.InlineExecutorService.execute(Ljava/lang/Runnable;)V+38
J 18142 C1 java.util.concurrent.AbstractExecutorService.submit(Ljava/util/concurrent/Callable;)Ljava/util/concurrent/Future; (25 bytes) @ 0x000000010ad4ba54 [0x000000010ad4b860+0x1f4]
j  org.apache.catalina.core.ContainerBase.stopInternal()V+123
J 15788 C1 org.apache.catalina.util.LifecycleBase.stop()V (347 bytes) @ 0x000000010b2034e4 [0x000000010b201a40+0x1aa4]
j  org.apache.catalina.core.ContainerBase$StopChild.call()Ljava/lang/Void;+19
j  org.apache.catalina.core.ContainerBase$StopChild.call()Ljava/lang/Object;+1
J 18024 C1 java.util.concurrent.FutureTask.run()V (126 bytes) @ 0x000000010c207f54 [0x000000010c207d00+0x254]
j  org.apache.tomcat.util.threads.InlineExecutorService.execute(Ljava/lang/Runnable;)V+38
J 18142 C1 java.util.concurrent.AbstractExecutorService.submit(Ljava/util/concurrent/Callable;)Ljava/util/concurrent/Future; (25 bytes) @ 0x000000010ad4ba54 [0x000000010ad4b860+0x1f4]
j  org.apache.catalina.core.ContainerBase.stopInternal()V+123
J 15788 C1 org.apache.catalina.util.LifecycleBase.stop()V (347 bytes) @ 0x000000010b2034e4 [0x000000010b201a40+0x1aa4]
j  org.apache.catalina.core.StandardService.stopInternal()V+217
J 15788 C1 org.apache.catalina.util.LifecycleBase.stop()V (347 bytes) @ 0x000000010b2034e4 [0x000000010b201a40+0x1aa4]
j  org.apache.catalina.core.StandardServer.stopInternal()V+82
J 15788 C1 org.apache.catalina.util.LifecycleBase.stop()V (347 bytes) @ 0x000000010b2034e4 [0x000000010b201a40+0x1aa4]
j  org.apache.catalina.startup.Tomcat.stop()V+9
j  org.springframework.boot.web.embedded.tomcat.TomcatWebServer.stopTomcat()V+29
j  org.springframework.boot.web.embedded.tomcat.TomcatWebServer.stop()V+32
j  org.springframework.boot.web.servlet.context.WebServerStartStopLifecycle.stop()V+4
j  org.springframework.context.SmartLifecycle.stop(Ljava/lang/Runnable;)V+1
j  org.springframework.context.support.DefaultLifecycleProcessor.doStop(Ljava/util/Map;Ljava/lang/String;Ljava/util/concurrent/CountDownLatch;Ljava/util/Set;)V+174
j  org.springframework.context.support.DefaultLifecycleProcessor.access$300(Lorg/springframework/context/support/DefaultLifecycleProcessor;Ljava/util/Map;Ljava/lang/String;Ljava/util/concurrent/CountDownLatch;Ljava/util/Set;)V+6
j  org.springframework.context.support.DefaultLifecycleProcessor$LifecycleGroup.stop()V+176
j  org.springframework.context.support.DefaultLifecycleProcessor.stopBeans()V+100
j  org.springframework.context.support.DefaultLifecycleProcessor.onClose()V+1
j  org.springframework.context.support.AbstractApplicationContext.doClose()V+111
j  org.springframework.boot.web.servlet.context.ServletWebServerApplicationContext.doClose()V+15
j  org.springframework.context.support.AbstractApplicationContext.close()V+8
j  org.springframework.boot.devtools.restart.Restarter.stop()V+50
j  org.springframework.boot.devtools.restart.Restarter.lambda$restart$1(Lorg/springframework/boot/devtools/restart/FailureHandler;)Ljava/lang/Object;+1
j  org.springframework.boot.devtools.restart.Restarter$$Lambda$1337.call()Ljava/lang/Object;+8
j  org.springframework.boot.devtools.restart.Restarter$LeakSafeThread.run()V+28
v  ~StubRoutines::call_stub
V  [libjvm.dylib+0x2efcba]  JavaCalls::call_helper(JavaValue*, methodHandle*, JavaCallArguments*, Thread*)+0x6ae
V  [libjvm.dylib+0x2f045e]  JavaCalls::call_virtual(JavaValue*, KlassHandle, Symbol*, Symbol*, JavaCallArguments*, Thread*)+0x164
V  [libjvm.dylib+0x2f060a]  JavaCalls::call_virtual(JavaValue*, Handle, KlassHandle, Symbol*, Symbol*, Thread*)+0x4a
V  [libjvm.dylib+0x34aef9]  thread_entry(JavaThread*, Thread*)+0x7c
V  [libjvm.dylib+0x56fa7f]  JavaThread::thread_main_inner()+0x9b
V  [libjvm.dylib+0x57117a]  JavaThread::run()+0x1c2
V  [libjvm.dylib+0x48e342]  java_start(Thread*)+0xf6
C  [libsystem_pthread.dylib+0x3661]  _pthread_body+0x154
C  [libsystem_pthread.dylib+0x350d]  _pthread_body+0x0
C  [libsystem_pthread.dylib+0x2bf9]  thread_start+0xd
C  0x0000000000000000

Java frames: (J=compiled Java code, j=interpreted, Vv=VM code)
J 1192  java.security.AccessController.doPrivileged(Ljava/security/PrivilegedAction;)Ljava/lang/Object; (0 bytes) @ 0x000000010af3170f [0x000000010af316c0+0x4f]
J 13231 C2 sun.net.www.protocol.jar.JarURLConnection.connect()V (163 bytes) @ 0x000000010cd7fb24 [0x000000010cd7f320+0x804]
J 16847 C2 sun.net.www.protocol.jar.JarURLConnection.getInputStream()Ljava/io/InputStream; (97 bytes) @ 0x000000010c253978 [0x000000010c253940+0x38]
J 2287 C1 java.net.URLClassLoader.getResourceAsStream(Ljava/lang/String;)Ljava/io/InputStream; (137 bytes) @ 0x000000010b2a23ec [0x000000010b2a2080+0x36c]
j  org.apache.catalina.loader.WebappClassLoaderBase.getResourceAsStream(Ljava/lang/String;)Ljava/io/InputStream;+122
j  org.apache.catalina.loader.WebappClassLoaderBase.clearReferencesJdbc()V+12
j  org.apache.catalina.loader.WebappClassLoaderBase.clearReferences()V+67
j  org.apache.catalina.loader.WebappClassLoaderBase.stop()V+8
j  org.apache.catalina.loader.WebappLoader.stopInternal()V+63
J 15788 C1 org.apache.catalina.util.LifecycleBase.stop()V (347 bytes) @ 0x000000010b2034e4 [0x000000010b201a40+0x1aa4]
j  org.apache.catalina.core.StandardContext.stopInternal()V+363
J 15788 C1 org.apache.catalina.util.LifecycleBase.stop()V (347 bytes) @ 0x000000010b2034e4 [0x000000010b201a40+0x1aa4]
j  org.apache.catalina.core.ContainerBase$StopChild.call()Ljava/lang/Void;+19
j  org.apache.catalina.core.ContainerBase$StopChild.call()Ljava/lang/Object;+1
J 18024 C1 java.util.concurrent.FutureTask.run()V (126 bytes) @ 0x000000010c207f54 [0x000000010c207d00+0x254]
j  org.apache.tomcat.util.threads.InlineExecutorService.execute(Ljava/lang/Runnable;)V+38
J 18142 C1 java.util.concurrent.AbstractExecutorService.submit(Ljava/util/concurrent/Callable;)Ljava/util/concurrent/Future; (25 bytes) @ 0x000000010ad4ba54 [0x000000010ad4b860+0x1f4]
j  org.apache.catalina.core.ContainerBase.stopInternal()V+123
J 15788 C1 org.apache.catalina.util.LifecycleBase.stop()V (347 bytes) @ 0x000000010b2034e4 [0x000000010b201a40+0x1aa4]
j  org.apache.catalina.core.ContainerBase$StopChild.call()Ljava/lang/Void;+19
j  org.apache.catalina.core.ContainerBase$StopChild.call()Ljava/lang/Object;+1
J 18024 C1 java.util.concurrent.FutureTask.run()V (126 bytes) @ 0x000000010c207f54 [0x000000010c207d00+0x254]
j  org.apache.tomcat.util.threads.InlineExecutorService.execute(Ljava/lang/Runnable;)V+38
J 18142 C1 java.util.concurrent.AbstractExecutorService.submit(Ljava/util/concurrent/Callable;)Ljava/util/concurrent/Future; (25 bytes) @ 0x000000010ad4ba54 [0x000000010ad4b860+0x1f4]
j  org.apache.catalina.core.ContainerBase.stopInternal()V+123
J 15788 C1 org.apache.catalina.util.LifecycleBase.stop()V (347 bytes) @ 0x000000010b2034e4 [0x000000010b201a40+0x1aa4]
j  org.apache.catalina.core.StandardService.stopInternal()V+217
J 15788 C1 org.apache.catalina.util.LifecycleBase.stop()V (347 bytes) @ 0x000000010b2034e4 [0x000000010b201a40+0x1aa4]
j  org.apache.catalina.core.StandardServer.stopInternal()V+82
J 15788 C1 org.apache.catalina.util.LifecycleBase.stop()V (347 bytes) @ 0x000000010b2034e4 [0x000000010b201a40+0x1aa4]
j  org.apache.catalina.startup.Tomcat.stop()V+9
j  org.springframework.boot.web.embedded.tomcat.TomcatWebServer.stopTomcat()V+29
j  org.springframework.boot.web.embedded.tomcat.TomcatWebServer.stop()V+32
j  org.springframework.boot.web.servlet.context.WebServerStartStopLifecycle.stop()V+4
j  org.springframework.context.SmartLifecycle.stop(Ljava/lang/Runnable;)V+1
j  org.springframework.context.support.DefaultLifecycleProcessor.doStop(Ljava/util/Map;Ljava/lang/String;Ljava/util/concurrent/CountDownLatch;Ljava/util/Set;)V+174
j  org.springframework.context.support.DefaultLifecycleProcessor.access$300(Lorg/springframework/context/support/DefaultLifecycleProcessor;Ljava/util/Map;Ljava/lang/String;Ljava/util/concurrent/CountDownLatch;Ljava/util/Set;)V+6
j  org.springframework.context.support.DefaultLifecycleProcessor$LifecycleGroup.stop()V+176
j  org.springframework.context.support.DefaultLifecycleProcessor.stopBeans()V+100
j  org.springframework.context.support.DefaultLifecycleProcessor.onClose()V+1
j  org.springframework.context.support.AbstractApplicationContext.doClose()V+111
j  org.springframework.boot.web.servlet.context.ServletWebServerApplicationContext.doClose()V+15
j  org.springframework.context.support.AbstractApplicationContext.close()V+8
j  org.springframework.boot.devtools.restart.Restarter.stop()V+50
j  org.springframework.boot.devtools.restart.Restarter.lambda$restart$1(Lorg/springframework/boot/devtools/restart/FailureHandler;)Ljava/lang/Object;+1
j  org.springframework.boot.devtools.restart.Restarter$$Lambda$1337.call()Ljava/lang/Object;+8
j  org.springframework.boot.devtools.restart.Restarter$LeakSafeThread.run()V+28
v  ~StubRoutines::call_stub

---------------  P R O C E S S  ---------------

Java Threads: ( => current thread )
=>0x00007f8c08581000 JavaThread "Thread-104" [_thread_in_vm, id=3875, stack(0x0000700002b7a000,0x0000700002c7a000)]
  0x00007f8c0ce4f000 JavaThread "MessageBroker-4" [_thread_blocked, id=37915, stack(0x00007000016bb000,0x00007000017bb000)]
  0x00007f8c0d3b1800 JavaThread "MessageBroker-3" [_thread_blocked, id=24635, stack(0x00007000014b5000,0x00007000015b5000)]
  0x00007f8c0c4f8000 JavaThread "MessageBroker-2" [_thread_blocked, id=38999, stack(0x00007000013b2000,0x00007000014b2000)]
  0x00007f8c0cf4c000 JavaThread "http-nio-8080-ClientPoller" daemon [_thread_in_native, id=41051, stack(0x00007000028f1000,0x00007000029f1000)]
  0x00007f8c07ff6000 JavaThread "http-nio-8080-exec-10" daemon [_thread_blocked, id=25187, stack(0x00007000027ee000,0x00007000028ee000)]
  0x00007f8c07b85000 JavaThread "http-nio-8080-exec-9" daemon [_thread_blocked, id=14939, stack(0x00007000026eb000,0x00007000027eb000)]
  0x00007f8c07899000 JavaThread "http-nio-8080-exec-8" daemon [_thread_blocked, id=41323, stack(0x00007000025e8000,0x00007000026e8000)]
  0x00007f8c0d367000 JavaThread "http-nio-8080-exec-7" daemon [_thread_blocked, id=40791, stack(0x00007000024e5000,0x00007000025e5000)]
  0x00007f8c0cf4b800 JavaThread "http-nio-8080-exec-6" daemon [_thread_blocked, id=22363, stack(0x00007000023e2000,0x00007000024e2000)]
  0x00007f8c0cf4a800 JavaThread "http-nio-8080-exec-5" daemon [_thread_blocked, id=23595, stack(0x00007000022df000,0x00007000023df000)]
  0x00007f8c09bfc000 JavaThread "http-nio-8080-exec-4" daemon [_thread_blocked, id=16255, stack(0x00007000021dc000,0x00007000022dc000)]
  0x00007f8c0d366800 JavaThread "http-nio-8080-exec-3" daemon [_thread_blocked, id=21795, stack(0x00007000020d9000,0x00007000021d9000)]
  0x00007f8c0d365800 JavaThread "http-nio-8080-exec-2" daemon [_thread_blocked, id=42067, stack(0x0000700001fd6000,0x00007000020d6000)]
  0x00007f8c085e5800 JavaThread "http-nio-8080-exec-1" daemon [_thread_blocked, id=40479, stack(0x0000700001ed3000,0x0000700001fd3000)]
  0x00007f8c085e4800 JavaThread "http-nio-8080-BlockPoller" daemon [_thread_in_native, id=23895, stack(0x0000700001dd0000,0x0000700001ed0000)]
  0x00007f8c085e4000 JavaThread "MessageBroker-1" [_thread_blocked, id=39523, stack(0x0000700001ac7000,0x0000700001bc7000)]
  0x00007f8c085e3000 JavaThread "container-0" [_thread_blocked, id=42287, stack(0x00007000019c4000,0x0000700001ac4000)]
  0x00007f8c07353800 JavaThread "Catalina-utility-2" [_thread_blocked, id=25679, stack(0x00007000018c1000,0x00007000019c1000)]
  0x00007f8c0d571000 JavaThread "Catalina-utility-1" [_thread_blocked, id=42527, stack(0x00007000017be000,0x00007000018be000)]
  0x00007f8c0bc63000 JavaThread "HikariPool-21 housekeeper" daemon [_thread_blocked, id=39959, stack(0x00007000015b8000,0x00007000016b8000)]
  0x00007f8c0bf46000 JavaThread "DestroyJavaVM" [_thread_blocked, id=6403, stack(0x0000700000588000,0x0000700000688000)]
  0x00007f8c07947000 JavaThread "Live Reload Server" daemon [_thread_in_native, id=22791, stack(0x0000700001bca000,0x0000700001cca000)]
  0x00007f8c083b3000 JavaThread "mysql-cj-abandoned-connection-cleanup" daemon [_thread_blocked, id=4359, stack(0x0000700000482000,0x0000700000582000)]
  0x00007f8c08817000 JavaThread "Service Thread" daemon [_thread_blocked, id=17155, stack(0x00007000011ac000,0x00007000012ac000)]
  0x00007f8c0703c800 JavaThread "C1 CompilerThread2" daemon [_thread_blocked, id=17667, stack(0x00007000010a9000,0x00007000011a9000)]
  0x00007f8c0701c000 JavaThread "C2 CompilerThread1" daemon [_thread_blocked, id=13827, stack(0x0000700000fa6000,0x00007000010a6000)]
  0x00007f8c07831800 JavaThread "C2 CompilerThread0" daemon [_thread_blocked, id=18179, stack(0x0000700000ea3000,0x0000700000fa3000)]
  0x00007f8c0701a800 JavaThread "Signal Dispatcher" daemon [_thread_blocked, id=18695, stack(0x0000700000da0000,0x0000700000ea0000)]
  0x00007f8c07813800 JavaThread "Finalizer" daemon [_thread_blocked, id=20483, stack(0x0000700000c9d000,0x0000700000d9d000)]
  0x00007f8c07002800 JavaThread "Reference Handler" daemon [_thread_blocked, id=20995, stack(0x0000700000b9a000,0x0000700000c9a000)]

Other Threads:
  0x00007f8c08814800 VMThread [stack: 0x0000700000a97000,0x0000700000b97000] [id=11523]
  0x00007f8c0882d000 WatcherThread [stack: 0x00007000012af000,0x00007000013af000] [id=14339]

VM state:not at safepoint (normal execution)

VM Mutex/Monitor currently owned by a thread: None

Heap:
 PSYoungGen      total 593408K, used 32178K [0x0000000795580000, 0x00000007bf180000, 0x00000007c0000000)
  eden space 584192K, 3% used [0x0000000795580000,0x0000000796c37970,0x00000007b9000000)
  from space 9216K, 96% used [0x00000007be880000,0x00000007bf1350e8,0x00000007bf180000)
  to   space 13312K, 0% used [0x00000007bd780000,0x00000007bd780000,0x00000007be480000)
 ParOldGen       total 199168K, used 88640K [0x0000000740000000, 0x000000074c280000, 0x0000000795580000)
  object space 199168K, 44% used [0x0000000740000000,0x00000007456903e8,0x000000074c280000)
 Metaspace       used 97041K, capacity 105612K, committed 105816K, reserved 1140736K
  class space    used 11929K, capacity 13632K, committed 13696K, reserved 1048576K

Card table byte_map: [0x0000000101d74000,0x0000000102175000] byte_map_base: 0x00000000fe374000

Marking Bits: (ParMarkBitMap*) 0x00000001012f9cd0
 Begin Bits: [0x0000000102420000, 0x0000000104420000)
 End Bits:   [0x0000000104420000, 0x0000000106420000)

Polling page: 0x000000010015a000

CodeCache: size=245760Kb used=46888Kb max_used=47152Kb free=198871Kb
 bounds [0x000000010ab49000, 0x000000010d9a9000, 0x0000000119b49000]
 total_blobs=14247 nmethods=13662 adapters=496
 compilation: enabled

Compilation events (10 events):
Event: 18255.365 Thread 0x00007f8c0703c800 18167       3       java.util.TimeZone::getDefaultRef (32 bytes)
Event: 18255.366 Thread 0x00007f8c0703c800 nmethod 18167 0x000000010c9d8f10 code [0x000000010c9d9080, 0x000000010c9d9248]
Event: 18255.376 Thread 0x00007f8c0703c800 18168       3       com.mysql.cj.conf.HostInfo::getDatabaseUrl (22 bytes)
Event: 18255.377 Thread 0x00007f8c0703c800 nmethod 18168 0x000000010b60a8d0 code [0x000000010b60aa40, 0x000000010b60acc8]
Event: 18502.925 Thread 0x00007f8c0701c000 18169       4       java.io.FilterInputStream::close (8 bytes)
Event: 18502.929 Thread 0x00007f8c0701c000 nmethod 18169 0x000000010bb6eed0 code [0x000000010bb6f020, 0x000000010bb6f0e8]
Event: 18502.929 Thread 0x00007f8c0703c800 18170       3       javax.management.openmbean.SimpleType::equals (26 bytes)
Event: 18502.930 Thread 0x00007f8c0703c800 nmethod 18170 0x000000010ace53d0 code [0x000000010ace5560, 0x000000010ace5ac8]
Event: 18502.930 Thread 0x00007f8c0703c800 18171       3       javax.management.openmbean.CompositeDataSupport::<init> (265 bytes)
Event: 18502.936 Thread 0x00007f8c0703c800 nmethod 18171 0x000000010b25ee90 code [0x000000010b25f4a0, 0x000000010b263358]

GC Heap History (10 events):
Event: 9510.534 GC heap before
{Heap before GC invocations=54 (full 24):
 PSYoungGen      total 683008K, used 676596K [0x0000000795580000, 0x00000007bff80000, 0x00000007c0000000)
  eden space 667136K, 100% used [0x0000000795580000,0x00000007be100000,0x00000007be100000)
  from space 15872K, 59% used [0x00000007be100000,0x00000007bea3d088,0x00000007bf080000)
  to   space 15360K, 0% used [0x00000007bf080000,0x00000007bf080000,0x00000007bff80000)
 ParOldGen       total 199168K, used 88632K [0x0000000740000000, 0x000000074c280000, 0x0000000795580000)
  object space 199168K, 44% used [0x0000000740000000,0x000000074568e3e8,0x000000074c280000)
 Metaspace       used 97001K, capacity 105548K, committed 105816K, reserved 1140736K
  class space    used 11929K, capacity 13632K, committed 13696K, reserved 1048576K
Event: 9510.622 GC heap after
Heap after GC invocations=54 (full 24):
 PSYoungGen      total 681984K, used 9012K [0x0000000795580000, 0x00000007bfe80000, 0x00000007c0000000)
  eden space 667648K, 0% used [0x0000000795580000,0x0000000795580000,0x00000007be180000)
  from space 14336K, 62% used [0x00000007bf080000,0x00000007bf94d128,0x00000007bfe80000)
  to   space 14848K, 0% used [0x00000007be180000,0x00000007be180000,0x00000007bf000000)
 ParOldGen       total 199168K, used 88632K [0x0000000740000000, 0x000000074c280000, 0x0000000795580000)
  object space 199168K, 44% used [0x0000000740000000,0x000000074568e3e8,0x000000074c280000)
 Metaspace       used 97001K, capacity 105548K, committed 105816K, reserved 1140736K
  class space    used 11929K, capacity 13632K, committed 13696K, reserved 1048576K
}
Event: 11872.384 GC heap before
{Heap before GC invocations=55 (full 24):
 PSYoungGen      total 681984K, used 676660K [0x0000000795580000, 0x00000007bfe80000, 0x00000007c0000000)
  eden space 667648K, 100% used [0x0000000795580000,0x00000007be180000,0x00000007be180000)
  from space 14336K, 62% used [0x00000007bf080000,0x00000007bf94d128,0x00000007bfe80000)
  to   space 14848K, 0% used [0x00000007be180000,0x00000007be180000,0x00000007bf000000)
 ParOldGen       total 199168K, used 88632K [0x0000000740000000, 0x000000074c280000, 0x0000000795580000)
  object space 199168K, 44% used [0x0000000740000000,0x000000074568e3e8,0x000000074c280000)
 Metaspace       used 97016K, capacity 105548K, committed 105816K, reserved 1140736K
  class space    used 11929K, capacity 13632K, committed 13696K, reserved 1048576K
Event: 11872.402 GC heap after
Heap after GC invocations=55 (full 24):
 PSYoungGen      total 682496K, used 8672K [0x0000000795580000, 0x00000007bff80000, 0x00000007c0000000)
  eden space 667648K, 0% used [0x0000000795580000,0x0000000795580000,0x00000007be180000)
  from space 14848K, 58% used [0x00000007be180000,0x00000007be9f81c0,0x00000007bf000000)
  to   space 14336K, 0% used [0x00000007bf180000,0x00000007bf180000,0x00000007bff80000)
 ParOldGen       total 199168K, used 88640K [0x0000000740000000, 0x000000074c280000, 0x0000000795580000)
  object space 199168K, 44% used [0x0000000740000000,0x00000007456903e8,0x000000074c280000)
 Metaspace       used 97016K, capacity 105548K, committed 105816K, reserved 1140736K
  class space    used 11929K, capacity 13632K, committed 13696K, reserved 1048576K
}
Event: 14213.620 GC heap before
{Heap before GC invocations=56 (full 24):
 PSYoungGen      total 682496K, used 676320K [0x0000000795580000, 0x00000007bff80000, 0x00000007c0000000)
  eden space 667648K, 100% used [0x0000000795580000,0x00000007be180000,0x00000007be180000)
  from space 14848K, 58% used [0x00000007be180000,0x00000007be9f81c0,0x00000007bf000000)
  to   space 14336K, 0% used [0x00000007bf180000,0x00000007bf180000,0x00000007bff80000)
 ParOldGen       total 199168K, used 88640K [0x0000000740000000, 0x000000074c280000, 0x0000000795580000)
  object space 199168K, 44% used [0x0000000740000000,0x00000007456903e8,0x000000074c280000)
 Metaspace       used 97029K, capacity 105612K, committed 105816K, reserved 1140736K
  class space    used 11929K, capacity 13632K, committed 13696K, reserved 1048576K
Event: 14213.715 GC heap after
Heap after GC invocations=56 (full 24):
 PSYoungGen      total 647680K, used 8704K [0x0000000795580000, 0x00000007bfa80000, 0x00000007c0000000)
  eden space 638464K, 0% used [0x0000000795580000,0x0000000795580000,0x00000007bc500000)
  from space 9216K, 94% used [0x00000007bf180000,0x00000007bfa001a0,0x00000007bfa80000)
  to   space 13824K, 0% used [0x00000007bdf80000,0x00000007bdf80000,0x00000007bed00000)
 ParOldGen       total 199168K, used 88640K [0x0000000740000000, 0x000000074c280000, 0x0000000795580000)
  object space 199168K, 44% used [0x0000000740000000,0x00000007456903e8,0x000000074c280000)
 Metaspace       used 97029K, capacity 105612K, committed 105816K, reserved 1140736K
  class space    used 11929K, capacity 13632K, committed 13696K, reserved 1048576K
}
Event: 16405.199 GC heap before
{Heap before GC invocations=57 (full 24):
 PSYoungGen      total 647680K, used 647168K [0x0000000795580000, 0x00000007bfa80000, 0x00000007c0000000)
  eden space 638464K, 100% used [0x0000000795580000,0x00000007bc500000,0x00000007bc500000)
  from space 9216K, 94% used [0x00000007bf180000,0x00000007bfa001a0,0x00000007bfa80000)
  to   space 13824K, 0% used [0x00000007bdf80000,0x00000007bdf80000,0x00000007bed00000)
 ParOldGen       total 199168K, used 88640K [0x0000000740000000, 0x000000074c280000, 0x0000000795580000)
  object space 199168K, 44% used [0x0000000740000000,0x00000007456903e8,0x000000074c280000)
 Metaspace       used 97037K, capacity 105612K, committed 105816K, reserved 1140736K
  class space    used 11929K, capacity 13632K, committed 13696K, reserved 1048576K
Event: 16405.273 GC heap after
Heap after GC invocations=57 (full 24):
 PSYoungGen      total 620032K, used 8740K [0x0000000795580000, 0x00000007bf200000, 0x00000007c0000000)
  eden space 610816K, 0% used [0x0000000795580000,0x0000000795580000,0x00000007baa00000)
  from space 9216K, 94% used [0x00000007bdf80000,0x00000007be8090b8,0x00000007be880000)
  to   space 9728K, 0% used [0x00000007be880000,0x00000007be880000,0x00000007bf200000)
 ParOldGen       total 199168K, used 88640K [0x0000000740000000, 0x000000074c280000, 0x0000000795580000)
  object space 199168K, 44% used [0x0000000740000000,0x00000007456903e8,0x000000074c280000)
 Metaspace       used 97037K, capacity 105612K, committed 105816K, reserved 1140736K
  class space    used 11929K, capacity 13632K, committed 13696K, reserved 1048576K
}
Event: 18502.853 GC heap before
{Heap before GC invocations=58 (full 24):
 PSYoungGen      total 620032K, used 619556K [0x0000000795580000, 0x00000007bf200000, 0x00000007c0000000)
  eden space 610816K, 100% used [0x0000000795580000,0x00000007baa00000,0x00000007baa00000)
  from space 9216K, 94% used [0x00000007bdf80000,0x00000007be8090b8,0x00000007be880000)
  to   space 9728K, 0% used [0x00000007be880000,0x00000007be880000,0x00000007bf200000)
 ParOldGen       total 199168K, used 88640K [0x0000000740000000, 0x000000074c280000, 0x0000000795580000)
  object space 199168K, 44% used [0x0000000740000000,0x00000007456903e8,0x000000074c280000)
 Metaspace       used 97040K, capacity 105612K, committed 105816K, reserved 1140736K
  class space    used 11929K, capacity 13632K, committed 13696K, reserved 1048576K
Event: 18502.924 GC heap after
Heap after GC invocations=58 (full 24):
 PSYoungGen      total 593408K, used 8916K [0x0000000795580000, 0x00000007bf180000, 0x00000007c0000000)
  eden space 584192K, 0% used [0x0000000795580000,0x0000000795580000,0x00000007b9000000)
  from space 9216K, 96% used [0x00000007be880000,0x00000007bf1350e8,0x00000007bf180000)
  to   space 13312K, 0% used [0x00000007bd780000,0x00000007bd780000,0x00000007be480000)
 ParOldGen       total 199168K, used 88640K [0x0000000740000000, 0x000000074c280000, 0x0000000795580000)
  object space 199168K, 44% used [0x0000000740000000,0x00000007456903e8,0x000000074c280000)
 Metaspace       used 97040K, capacity 105612K, committed 105816K, reserved 1140736K
  class space    used 11929K, capacity 13632K, committed 13696K, reserved 1048576K
}

Deoptimization events (10 events):
Event: 2918.624 Thread 0x00007f8c07352000 Uncommon trap: reason=null_check action=make_not_entrant pc=0x000000010d2d1da8 method=java.lang.Class.reflectionData()Ljava/lang/Class$ReflectionData; @ 24
Event: 2918.624 Thread 0x00007f8c07352000 Uncommon trap: reason=null_check action=make_not_entrant pc=0x000000010cb0e934 method=java.lang.Class.reflectionData()Ljava/lang/Class$ReflectionData; @ 24
Event: 2918.652 Thread 0x00007f8c07352000 Uncommon trap: reason=null_check action=make_not_entrant pc=0x000000010b605f84 method=java.lang.Class.reflectionData()Ljava/lang/Class$ReflectionData; @ 24
Event: 2918.658 Thread 0x00007f8c07352000 Uncommon trap: reason=unstable_if action=reinterpret pc=0x000000010b90d060 method=com.mysql.cj.ParseInfo.<init>(Ljava/lang/String;Lcom/mysql/cj/Session;Ljava/lang/String;Z)V @ 248
Event: 2918.700 Thread 0x00007f8c07352000 Uncommon trap: reason=unstable_if action=reinterpret pc=0x000000010b10f318 method=org.jboss.logging.Log4j2Logger.doLog(Lorg/jboss/logging/Logger$Level;Ljava/lang/String;Ljava/lang/Object;[Ljava/lang/Object;Ljava/lang/Throwable;)V @ 15
Event: 3005.192 Thread 0x00007f8c07b96800 Uncommon trap: reason=unstable_if action=reinterpret pc=0x000000010c259334 method=org.springframework.boot.devtools.restart.Restarter.isFromRestartClassLoader(Ljava/lang/Object;)Z @ 17
Event: 3007.047 Thread 0x00007f8c084db800 Uncommon trap: reason=null_check action=make_not_entrant pc=0x000000010d8152d0 method=java.beans.Introspector.isAssignable(Ljava/lang/Class;Ljava/lang/Class;)Z @ 23
Event: 3007.188 Thread 0x00007f8c084db800 Uncommon trap: reason=null_check action=make_not_entrant pc=0x000000010d895da8 method=org.springframework.beans.TypeConverterDelegate.convertIfNecessary(Ljava/lang/String;Ljava/lang/Object;Ljava/lang/Object;Ljava/lang/Class;Lorg/springframework/core/conve
Event: 5733.464 Thread 0x00007f8c0bc63000 Uncommon trap: reason=unstable_if action=reinterpret pc=0x000000010d9a26f0 method=java.util.concurrent.ScheduledThreadPoolExecutor$ScheduledFutureTask.isPeriodic()Z @ 6
Event: 7874.624 Thread 0x00007f8c07353800 Uncommon trap: reason=unstable_if action=reinterpret pc=0x000000010d93ed64 method=java.util.concurrent.ScheduledThreadPoolExecutor$ScheduledFutureTask.compareTo(Ljava/util/concurrent/Delayed;)I @ 40

Classes redefined (0 events):
No events

Internal exceptions (10 events):
Event: 3973.316 Thread 0x00007f8c07fcc800 Exception <a 'java/lang/ClassNotFoundException': java/lang/ObjectCustomizer> (0x00000007a372ad38) thrown at [/Users/java_re/workspace/8-2-build-macosx-x86_64/jdk8u181/11358/hotspot/src/share/vm/classfile/systemDictionary.cpp, line 210]
Event: 3973.316 Thread 0x00007f8c07fcc800 Exception <a 'java/lang/ClassNotFoundException': com/sms/project/rest/MajorRestControllerCustomizer> (0x00000007a3745308) thrown at [/Users/java_re/workspace/8-2-build-macosx-x86_64/jdk8u181/11358/hotspot/src/share/vm/classfile/systemDictionary.cpp, line 
Event: 3973.317 Thread 0x00007f8c07fcc800 Exception <a 'java/lang/ClassNotFoundException': java/lang/ObjectCustomizer> (0x00000007a376dc58) thrown at [/Users/java_re/workspace/8-2-build-macosx-x86_64/jdk8u181/11358/hotspot/src/share/vm/classfile/systemDictionary.cpp, line 210]
Event: 3973.318 Thread 0x00007f8c07fcc800 Exception <a 'java/lang/ClassNotFoundException': com/sms/project/rest/StudentRestControllerCustomizer> (0x00000007a37893b8) thrown at [/Users/java_re/workspace/8-2-build-macosx-x86_64/jdk8u181/11358/hotspot/src/share/vm/classfile/systemDictionary.cpp, lin
Event: 3973.321 Thread 0x00007f8c07fcc800 Exception <a 'java/lang/ClassNotFoundException': java/lang/ObjectCustomizer> (0x00000007a37cf588) thrown at [/Users/java_re/workspace/8-2-build-macosx-x86_64/jdk8u181/11358/hotspot/src/share/vm/classfile/systemDictionary.cpp, line 210]
Event: 3973.321 Thread 0x00007f8c07fcc800 Exception <a 'java/lang/ClassNotFoundException': com/sms/project/rest/UserRestControllerCustomizer> (0x00000007a37e9b30) thrown at [/Users/java_re/workspace/8-2-build-macosx-x86_64/jdk8u181/11358/hotspot/src/share/vm/classfile/systemDictionary.cpp, line 2
Event: 3973.323 Thread 0x00007f8c07fcc800 Exception <a 'java/lang/ClassNotFoundException': java/lang/ObjectCustomizer> (0x00000007a380c118) thrown at [/Users/java_re/workspace/8-2-build-macosx-x86_64/jdk8u181/11358/hotspot/src/share/vm/classfile/systemDictionary.cpp, line 210]
Event: 3973.323 Thread 0x00007f8c07fcc800 Exception <a 'java/lang/ClassNotFoundException': com/sms/project/rest/error/ErrorHandlerCustomizer> (0x00000007a38266e0) thrown at [/Users/java_re/workspace/8-2-build-macosx-x86_64/jdk8u181/11358/hotspot/src/share/vm/classfile/systemDictionary.cpp, line 2
Event: 18575.217 Thread 0x00007f8c08581000 Exception <a 'java/net/SocketTimeoutException': connect timed out> (0x0000000796a991a0) thrown at [/Users/java_re/workspace/8-2-build-macosx-x86_64/jdk8u181/11358/hotspot/src/share/vm/prims/jni.cpp, line 735]
Event: 18575.219 Thread 0x00007f8c0cf4d000 Exception <a 'java/io/IOException'> (0x0000000796b95658) thrown at [/Users/java_re/workspace/8-2-build-macosx-x86_64/jdk8u181/11358/hotspot/src/share/vm/prims/jni.cpp, line 709]

Events (10 events):
Event: 18575.229 Executing VM operation: RevokeBias
Event: 18575.229 Executing VM operation: RevokeBias done
Event: 18575.229 Executing VM operation: RevokeBias
Event: 18575.230 Executing VM operation: RevokeBias done
Event: 18575.230 Executing VM operation: BulkRevokeBias
Event: 18575.230 Executing VM operation: BulkRevokeBias done
Event: 18575.230 Executing VM operation: BulkRevokeBias
Event: 18575.230 Executing VM operation: BulkRevokeBias done
Event: 18575.230 Executing VM operation: BulkRevokeBias
Event: 18575.230 Executing VM operation: BulkRevokeBias done


Dynamic libraries:
0x00007fff52990000 	/System/Library/Frameworks/Cocoa.framework/Versions/A/Cocoa
0x00007fff5efc9000 	/System/Library/Frameworks/Security.framework/Versions/A/Security
0x00007fff515ce000 	/System/Library/Frameworks/ApplicationServices.framework/Versions/A/ApplicationServices
0x00007fff7af30000 	/usr/lib/libz.1.dylib
0x00007fff78e5d000 	/usr/lib/libSystem.B.dylib
0x00007fff7a516000 	/usr/lib/libobjc.A.dylib
0x00007fff53143000 	/System/Library/Frameworks/CoreFoundation.framework/Versions/A/CoreFoundation
0x00007fff552a7000 	/System/Library/Frameworks/Foundation.framework/Versions/C/Foundation
0x00007fff5071e000 	/System/Library/Frameworks/AppKit.framework/Versions/C/AppKit
0x00007fff52d08000 	/System/Library/Frameworks/CoreData.framework/Versions/A/CoreData
0x00007fff72710000 	/System/Library/PrivateFrameworks/RemoteViewServices.framework/Versions/A/RemoteViewServices
0x00007fff76e8e000 	/System/Library/PrivateFrameworks/UIFoundation.framework/Versions/A/UIFoundation
0x00007fff674e2000 	/System/Library/PrivateFrameworks/DFRFoundation.framework/Versions/A/DFRFoundation
0x00007fff57928000 	/System/Library/Frameworks/Metal.framework/Versions/A/Metal
0x00007fff6767f000 	/System/Library/PrivateFrameworks/DesktopServicesPriv.framework/Versions/A/DesktopServicesPriv
0x00007fff79a63000 	/usr/lib/libenergytrace.dylib
0x00007fff74ef8000 	/System/Library/PrivateFrameworks/SkyLight.framework/Versions/A/SkyLight
0x00007fff535e8000 	/System/Library/Frameworks/CoreGraphics.framework/Versions/A/CoreGraphics
0x00007fff78e58000 	/usr/lib/libScreenReader.dylib
0x00007fff4f6b8000 	/System/Library/Frameworks/Accelerate.framework/Versions/A/Accelerate
0x00007fff55a22000 	/System/Library/Frameworks/IOSurface.framework/Versions/A/IOSurface
0x00007fff51b19000 	/System/Library/Frameworks/AudioToolbox.framework/Versions/A/AudioToolbox
0x00007fff51da9000 	/System/Library/Frameworks/AudioUnit.framework/Versions/A/AudioUnit
0x00007fff6757a000 	/System/Library/PrivateFrameworks/DataDetectorsCore.framework/Versions/A/DataDetectorsCore
0x00007fff52483000 	/System/Library/Frameworks/Carbon.framework/Versions/A/Frameworks/HIToolbox.framework/Versions/A/HIToolbox
0x00007fff79bbd000 	/usr/lib/libicucore.A.dylib
0x00007fff5e545000 	/System/Library/Frameworks/QuartzCore.framework/Versions/A/QuartzCore
0x00007fff74199000 	/System/Library/PrivateFrameworks/SignpostNotification.framework/Versions/A/SignpostNotification
0x00007fff52869000 	/System/Library/Frameworks/Carbon.framework/Versions/A/Frameworks/SpeechRecognition.framework/Versions/A/SpeechRecognition
0x00007fff78fb9000 	/usr/lib/libauto.dylib
0x00007fff7ae1f000 	/usr/lib/libxml2.2.dylib
0x00007fff67132000 	/System/Library/PrivateFrameworks/CoreUI.framework/Versions/A/CoreUI
0x00007fff52be4000 	/System/Library/Frameworks/CoreAudio.framework/Versions/A/CoreAudio
0x00007fff550e1000 	/System/Library/Frameworks/DiskArbitration.framework/Versions/A/DiskArbitration
0x00007fff79e31000 	/usr/lib/liblangid.dylib
0x00007fff6ec10000 	/System/Library/PrivateFrameworks/MultitouchSupport.framework/Versions/A/MultitouchSupport
0x00007fff55985000 	/System/Library/Frameworks/IOKit.framework/Versions/A/IOKit
0x00007fff78ae7000 	/usr/lib/libDiagnosticMessagesClient.dylib
0x00007fff542be000 	/System/Library/Frameworks/CoreServices.framework/Versions/A/CoreServices
0x00007fff70748000 	/System/Library/PrivateFrameworks/PerformanceAnalysis.framework/Versions/A/PerformanceAnalysis
0x00007fff5d6e2000 	/System/Library/Frameworks/OpenGL.framework/Versions/A/OpenGL
0x00007fff5299e000 	/System/Library/Frameworks/ColorSync.framework/Versions/A/ColorSync
0x00007fff53bfa000 	/System/Library/Frameworks/CoreImage.framework/Versions/A/CoreImage
0x00007fff54c4f000 	/System/Library/Frameworks/CoreText.framework/Versions/A/CoreText
0x00007fff55a80000 	/System/Library/Frameworks/ImageIO.framework/Versions/A/ImageIO
0x00007fff63ddc000 	/System/Library/PrivateFrameworks/Backup.framework/Versions/A/Backup
0x00007fff78f09000 	/usr/lib/libarchive.2.dylib
0x00007fff520cc000 	/System/Library/Frameworks/CFNetwork.framework/Versions/A/CFNetwork
0x00007fff5f75c000 	/System/Library/Frameworks/SystemConfiguration.framework/Versions/A/SystemConfiguration
0x00007fff78a10000 	/usr/lib/libCRFSuite.dylib
0x00007fff79093000 	/usr/lib/libc++.1.dylib
0x00007fff790ea000 	/usr/lib/libc++abi.dylib
0x00007fff7afde000 	/usr/lib/system/libcache.dylib
0x00007fff7afe3000 	/usr/lib/system/libcommonCrypto.dylib
0x00007fff7afee000 	/usr/lib/system/libcompiler_rt.dylib
0x00007fff7aff6000 	/usr/lib/system/libcopyfile.dylib
0x00007fff7b000000 	/usr/lib/system/libcorecrypto.dylib
0x00007fff7b10d000 	/usr/lib/system/libdispatch.dylib
0x00007fff7b147000 	/usr/lib/system/libdyld.dylib
0x00007fff7b165000 	/usr/lib/system/libkeymgr.dylib
0x00007fff7b173000 	/usr/lib/system/liblaunch.dylib
0x00007fff7b174000 	/usr/lib/system/libmacho.dylib
0x00007fff7b179000 	/usr/lib/system/libquarantine.dylib
0x00007fff7b17c000 	/usr/lib/system/libremovefile.dylib
0x00007fff7b17e000 	/usr/lib/system/libsystem_asl.dylib
0x00007fff7b196000 	/usr/lib/system/libsystem_blocks.dylib
0x00007fff7b197000 	/usr/lib/system/libsystem_c.dylib
0x00007fff7b221000 	/usr/lib/system/libsystem_configuration.dylib
0x00007fff7b225000 	/usr/lib/system/libsystem_coreservices.dylib
0x00007fff7b229000 	/usr/lib/system/libsystem_darwin.dylib
0x00007fff7b22b000 	/usr/lib/system/libsystem_dnssd.dylib
0x00007fff7b232000 	/usr/lib/system/libsystem_info.dylib
0x00007fff7b2a3000 	/usr/lib/system/libsystem_m.dylib
0x00007fff7b2ef000 	/usr/lib/system/libsystem_malloc.dylib
0x00007fff7b30f000 	/usr/lib/system/libsystem_network.dylib
0x00007fff7b440000 	/usr/lib/system/libsystem_networkextension.dylib
0x00007fff7b44b000 	/usr/lib/system/libsystem_notify.dylib
0x00007fff7b469000 	/usr/lib/system/libsystem_sandbox.dylib
0x00007fff7b46d000 	/usr/lib/system/libsystem_secinit.dylib
0x00007fff7b27c000 	/usr/lib/system/libsystem_kernel.dylib
0x00007fff7b455000 	/usr/lib/system/libsystem_platform.dylib
0x00007fff7b45d000 	/usr/lib/system/libsystem_pthread.dylib
0x00007fff7b46f000 	/usr/lib/system/libsystem_symptoms.dylib
0x00007fff7b477000 	/usr/lib/system/libsystem_trace.dylib
0x00007fff7b48d000 	/usr/lib/system/libunwind.dylib
0x00007fff7b493000 	/usr/lib/system/libxpc.dylib
0x00007fff78923000 	/usr/lib/closure/libclosured.dylib
0x00007fff79074000 	/usr/lib/libbsm.0.dylib
0x00007fff7b166000 	/usr/lib/system/libkxld.dylib
0x00007fff78d21000 	/usr/lib/libOpenScriptingUtil.dylib
0x00007fff793e3000 	/usr/lib/libcoretls.dylib
0x00007fff793fc000 	/usr/lib/libcoretls_cfhelpers.dylib
0x00007fff7a917000 	/usr/lib/libpam.2.dylib
0x00007fff7aa42000 	/usr/lib/libsqlite3.dylib
0x00007fff7ae0e000 	/usr/lib/libxar.1.dylib
0x00007fff79085000 	/usr/lib/libbz2.1.0.dylib
0x00007fff79e33000 	/usr/lib/liblzma.5.dylib
0x00007fff7a314000 	/usr/lib/libnetwork.dylib
0x00007fff78ef2000 	/usr/lib/libapple_nghttp2.dylib
0x00007fff7a91e000 	/usr/lib/libpcap.A.dylib
0x00007fff78fba000 	/usr/lib/libboringssl.dylib
0x00007fff7ada9000 	/usr/lib/libusrtcp.dylib
0x00007fff78ef1000 	/usr/lib/libapple_crypto.dylib
0x00007fff54641000 	/System/Library/Frameworks/CoreServices.framework/Versions/A/Frameworks/FSEvents.framework/Versions/A/FSEvents
0x00007fff54334000 	/System/Library/Frameworks/CoreServices.framework/Versions/A/Frameworks/CarbonCore.framework/Versions/A/CarbonCore
0x00007fff54809000 	/System/Library/Frameworks/CoreServices.framework/Versions/A/Frameworks/Metadata.framework/Versions/A/Metadata
0x00007fff548ba000 	/System/Library/Frameworks/CoreServices.framework/Versions/A/Frameworks/OSServices.framework/Versions/A/OSServices
0x00007fff5491b000 	/System/Library/Frameworks/CoreServices.framework/Versions/A/Frameworks/SearchKit.framework/Versions/A/SearchKit
0x00007fff542bf000 	/System/Library/Frameworks/CoreServices.framework/Versions/A/Frameworks/AE.framework/Versions/A/AE
0x00007fff5464a000 	/System/Library/Frameworks/CoreServices.framework/Versions/A/Frameworks/LaunchServices.framework/Versions/A/LaunchServices
0x00007fff5460c000 	/System/Library/Frameworks/CoreServices.framework/Versions/A/Frameworks/DictionaryServices.framework/Versions/A/DictionaryServices
0x00007fff5498a000 	/System/Library/Frameworks/CoreServices.framework/Versions/A/Frameworks/SharedFileList.framework/Versions/A/SharedFileList
0x00007fff58b5e000 	/System/Library/Frameworks/NetFS.framework/Versions/A/NetFS
0x00007fff6eea1000 	/System/Library/PrivateFrameworks/NetAuth.framework/Versions/A/NetAuth
0x00007fff787ba000 	/System/Library/PrivateFrameworks/login.framework/Versions/A/Frameworks/loginsupport.framework/Versions/A/loginsupport
0x00007fff76b0b000 	/System/Library/PrivateFrameworks/TCC.framework/Versions/A/TCC
0x00007fff79f14000 	/usr/lib/libmecabra.dylib
0x00007fff515cf000 	/System/Library/Frameworks/ApplicationServices.framework/Versions/A/Frameworks/ATS.framework/Versions/A/ATS
0x00007fff5197e000 	/System/Library/Frameworks/ApplicationServices.framework/Versions/A/Frameworks/ColorSyncLegacy.framework/Versions/A/ColorSyncLegacy
0x00007fff51a22000 	/System/Library/Frameworks/ApplicationServices.framework/Versions/A/Frameworks/HIServices.framework/Versions/A/HIServices
0x00007fff51a75000 	/System/Library/Frameworks/ApplicationServices.framework/Versions/A/Frameworks/LangAnalysis.framework/Versions/A/LangAnalysis
0x00007fff51a84000 	/System/Library/Frameworks/ApplicationServices.framework/Versions/A/Frameworks/PrintCore.framework/Versions/A/PrintCore
0x00007fff51ad1000 	/System/Library/Frameworks/ApplicationServices.framework/Versions/A/Frameworks/QD.framework/Versions/A/QD
0x00007fff51b0c000 	/System/Library/Frameworks/ApplicationServices.framework/Versions/A/Frameworks/SpeechSynthesis.framework/Versions/A/SpeechSynthesis
0x00007fff5305f000 	/System/Library/Frameworks/CoreDisplay.framework/Versions/A/CoreDisplay
0x00007fff4f6d0000 	/System/Library/Frameworks/Accelerate.framework/Versions/A/Frameworks/vImage.framework/Versions/A/vImage
0x00007fff5042a000 	/System/Library/Frameworks/Accelerate.framework/Versions/A/Frameworks/vecLib.framework/Versions/A/vecLib
0x00007fff501ca000 	/System/Library/Frameworks/Accelerate.framework/Versions/A/Frameworks/vecLib.framework/Versions/A/libvDSP.dylib
0x00007fff4fd2a000 	/System/Library/Frameworks/Accelerate.framework/Versions/A/Frameworks/vecLib.framework/Versions/A/libBNNS.dylib
0x00007fff5012f000 	/System/Library/Frameworks/Accelerate.framework/Versions/A/Frameworks/vecLib.framework/Versions/A/libQuadrature.dylib
0x00007fff50378000 	/System/Library/Frameworks/Accelerate.framework/Versions/A/Frameworks/vecLib.framework/Versions/A/libvMisc.dylib
0x00007fff4fd59000 	/System/Library/Frameworks/Accelerate.framework/Versions/A/Frameworks/vecLib.framework/Versions/A/libLAPACK.dylib
0x00007fff4fbcf000 	/System/Library/Frameworks/Accelerate.framework/Versions/A/Frameworks/vecLib.framework/Versions/A/libBLAS.dylib
0x00007fff50119000 	/System/Library/Frameworks/Accelerate.framework/Versions/A/Frameworks/vecLib.framework/Versions/A/libLinearAlgebra.dylib
0x00007fff50135000 	/System/Library/Frameworks/Accelerate.framework/Versions/A/Frameworks/vecLib.framework/Versions/A/libSparse.dylib
0x00007fff501b6000 	/System/Library/Frameworks/Accelerate.framework/Versions/A/Frameworks/vecLib.framework/Versions/A/libSparseBLAS.dylib
0x00007fff6bcb9000 	/System/Library/PrivateFrameworks/GPUWrangler.framework/Versions/A/GPUWrangler
0x00007fff6d44d000 	/System/Library/PrivateFrameworks/IOAccelerator.framework/Versions/A/IOAccelerator
0x00007fff6d458000 	/System/Library/PrivateFrameworks/IOPresentment.framework/Versions/A/IOPresentment
0x00007fff674f4000 	/System/Library/PrivateFrameworks/DSExternalDisplay.framework/Versions/A/DSExternalDisplay
0x00007fff5cb61000 	/System/Library/Frameworks/OpenGL.framework/Versions/A/Libraries/libCoreFSCache.dylib
0x00007fff54da0000 	/System/Library/Frameworks/CoreVideo.framework/Versions/A/CoreVideo
0x00007fff6ca34000 	/System/Library/PrivateFrameworks/GraphVisualizer.framework/Versions/A/GraphVisualizer
0x00007fff57b5f000 	/System/Library/Frameworks/MetalPerformanceShaders.framework/Versions/A/MetalPerformanceShaders
0x00007fff78b1f000 	/usr/lib/libFosl_dynamic.dylib
0x00007fff685c3000 	/System/Library/PrivateFrameworks/FaceCore.framework/Versions/A/FaceCore
0x00007fff5b95c000 	/System/Library/Frameworks/OpenCL.framework/Versions/A/OpenCL
0x00007fff79121000 	/usr/lib/libcompression.dylib
0x00007fff516ce000 	/System/Library/Frameworks/ApplicationServices.framework/Versions/A/Frameworks/ATS.framework/Versions/A/Resources/libFontParser.dylib
0x00007fff517f1000 	/System/Library/Frameworks/ApplicationServices.framework/Versions/A/Frameworks/ATS.framework/Versions/A/Resources/libFontRegistry.dylib
0x00007fff55ce9000 	/System/Library/Frameworks/ImageIO.framework/Versions/A/Resources/libJPEG.dylib
0x00007fff56025000 	/System/Library/Frameworks/ImageIO.framework/Versions/A/Resources/libTIFF.dylib
0x00007fff55ffb000 	/System/Library/Frameworks/ImageIO.framework/Versions/A/Resources/libPng.dylib
0x00007fff55bfc000 	/System/Library/Frameworks/ImageIO.framework/Versions/A/Resources/libGIF.dylib
0x00007fff55c01000 	/System/Library/Frameworks/ImageIO.framework/Versions/A/Resources/libJP2.dylib
0x00007fff56022000 	/System/Library/Frameworks/ImageIO.framework/Versions/A/Resources/libRadiance.dylib
0x00007fff63506000 	/System/Library/PrivateFrameworks/AppleJPEG.framework/Versions/A/AppleJPEG
0x00007fff579c6000 	/System/Library/Frameworks/MetalPerformanceShaders.framework/Frameworks/MPSCore.framework/Versions/A/MPSCore
0x00007fff579e2000 	/System/Library/Frameworks/MetalPerformanceShaders.framework/Frameworks/MPSImage.framework/Versions/A/MPSImage
0x00007fff57a77000 	/System/Library/Frameworks/MetalPerformanceShaders.framework/Frameworks/MPSNeuralNetwork.framework/Versions/A/MPSNeuralNetwork
0x00007fff57a52000 	/System/Library/Frameworks/MetalPerformanceShaders.framework/Frameworks/MPSMatrix.framework/Versions/A/MPSMatrix
0x00007fff6e950000 	/System/Library/PrivateFrameworks/MetalTools.framework/Versions/A/MetalTools
0x00007fff5cd2c000 	/System/Library/Frameworks/OpenGL.framework/Versions/A/Libraries/libGLU.dylib
0x00007fff5cb6c000 	/System/Library/Frameworks/OpenGL.framework/Versions/A/Libraries/libGFXShared.dylib
0x00007fff5cb76000 	/System/Library/Frameworks/OpenGL.framework/Versions/A/Libraries/libGL.dylib
0x00007fff5cb82000 	/System/Library/Frameworks/OpenGL.framework/Versions/A/Libraries/libGLImage.dylib
0x00007fff5cb5e000 	/System/Library/Frameworks/OpenGL.framework/Versions/A/Libraries/libCVMSPluginSupport.dylib
0x00007fff5cb67000 	/System/Library/Frameworks/OpenGL.framework/Versions/A/Libraries/libCoreVMClient.dylib
0x00007fff798ce000 	/usr/lib/libcups.2.dylib
0x00007fff56f2d000 	/System/Library/Frameworks/Kerberos.framework/Versions/A/Kerberos
0x00007fff556df000 	/System/Library/Frameworks/GSS.framework/Versions/A/GSS
0x00007fff7a9d5000 	/usr/lib/libresolv.9.dylib
0x00007fff79acb000 	/usr/lib/libiconv.2.dylib
0x00007fff6cac6000 	/System/Library/PrivateFrameworks/Heimdal.framework/Versions/A/Heimdal
0x00007fff79a9a000 	/usr/lib/libheimdal-asn1.dylib
0x00007fff5b9d4000 	/System/Library/Frameworks/OpenDirectory.framework/Versions/A/OpenDirectory
0x00007fff6581f000 	/System/Library/PrivateFrameworks/CommonAuth.framework/Versions/A/CommonAuth
0x00007fff5b9b7000 	/System/Library/Frameworks/OpenDirectory.framework/Versions/A/Frameworks/CFOpenDirectory.framework/Versions/A/CFOpenDirectory
0x00007fff5f2f5000 	/System/Library/Frameworks/SecurityFoundation.framework/Versions/A/SecurityFoundation
0x00007fff626c9000 	/System/Library/PrivateFrameworks/APFS.framework/Versions/A/APFS
0x00007fff7ae0a000 	/usr/lib/libutil.dylib
0x00007fff63589000 	/System/Library/PrivateFrameworks/AppleSauce.framework/Versions/A/AppleSauce
0x00007fff6dc35000 	/System/Library/PrivateFrameworks/LinguisticData.framework/Versions/A/LinguisticData
0x00007fff79e4d000 	/usr/lib/libmarisa.dylib
0x00007fff6dbef000 	/System/Library/PrivateFrameworks/Lexicon.framework/Versions/A/Lexicon
0x00007fff78a4a000 	/usr/lib/libChineseTokenizer.dylib
0x00007fff79110000 	/usr/lib/libcmph.dylib
0x00007fff6daf9000 	/System/Library/PrivateFrameworks/LanguageModeling.framework/Versions/A/LanguageModeling
0x00007fff6633c000 	/System/Library/PrivateFrameworks/CoreEmoji.framework/Versions/A/CoreEmoji
0x00007fff5f3b3000 	/System/Library/Frameworks/ServiceManagement.framework/Versions/A/ServiceManagement
0x00007fff63dd4000 	/System/Library/PrivateFrameworks/BackgroundTaskManagement.framework/Versions/A/BackgroundTaskManagement
0x00007fff7af07000 	/usr/lib/libxslt.1.dylib
0x00007fff52793000 	/System/Library/Frameworks/Carbon.framework/Versions/A/Frameworks/Ink.framework/Versions/A/Ink
0x00007fff76d20000 	/System/Library/PrivateFrameworks/TextureIO.framework/Versions/A/TextureIO
0x00007fff78f34000 	/usr/lib/libate.dylib
0x00007fff67453000 	/System/Library/PrivateFrameworks/CrashReporterSupport.framework/Versions/A/CrashReporterSupport
0x00007fff74059000 	/System/Library/PrivateFrameworks/Sharing.framework/Versions/A/Sharing
0x00007fff6d83a000 	/System/Library/PrivateFrameworks/IconServices.framework/Versions/A/IconServices
0x00007fff63a04000 	/System/Library/PrivateFrameworks/AuthKit.framework/Versions/A/AuthKit
0x00007fff63389000 	/System/Library/PrivateFrameworks/Apple80211.framework/Versions/A/Apple80211
0x00007fff67268000 	/System/Library/PrivateFrameworks/CoreUtils.framework/Versions/A/CoreUtils
0x00007fff54ddb000 	/System/Library/Frameworks/CoreWLAN.framework/Versions/A/CoreWLAN
0x00007fff55821000 	/System/Library/Frameworks/IOBluetooth.framework/Versions/A/IOBluetooth
0x00007fff72517000 	/System/Library/PrivateFrameworks/ProtocolBuffer.framework/Versions/A/ProtocolBuffer
0x00007fff6eb6b000 	/System/Library/PrivateFrameworks/MobileKeyBag.framework/Versions/A/MobileKeyBag
0x00007fff66ae0000 	/System/Library/PrivateFrameworks/CorePhoneNumbers.framework/Versions/A/CorePhoneNumbers
0x00007fff634c1000 	/System/Library/PrivateFrameworks/AppleIDAuthSupport.framework/Versions/A/AppleIDAuthSupport
0x00007fff6dae5000 	/System/Library/PrivateFrameworks/KeychainCircle.framework/Versions/A/KeychainCircle
0x00007fff673ee000 	/System/Library/PrivateFrameworks/CoreWiFi.framework/Versions/A/CoreWiFi
0x00007fff52cde000 	/System/Library/Frameworks/CoreBluetooth.framework/Versions/A/CoreBluetooth
0x00007fff6763e000 	/System/Library/PrivateFrameworks/DebugSymbols.framework/Versions/A/DebugSymbols
0x00007fff6701e000 	/System/Library/PrivateFrameworks/CoreSymbolication.framework/Versions/A/CoreSymbolication
0x00007fff76511000 	/System/Library/PrivateFrameworks/Symbolication.framework/Versions/A/Symbolication
0x00007fff633b3000 	/System/Library/PrivateFrameworks/AppleFSCompression.framework/Versions/A/AppleFSCompression
0x00007fff7595e000 	/System/Library/PrivateFrameworks/SpeechRecognitionCore.framework/Versions/A/SpeechRecognitionCore
0x00007fff4b6b3000 	/System/Library/CoreServices/Encodings/libLatin2Converter.dylib
0x0000000100a00000 	/Library/Java/JavaVirtualMachines/jdk1.8.0_181.jdk/Contents/Home/jre/lib/server/libjvm.dylib
0x00007fff7acd7000 	/usr/lib/libstdc++.6.0.9.dylib
0x0000000100116000 	/Library/Java/JavaVirtualMachines/jdk1.8.0_181.jdk/Contents/Home/jre/lib/libverify.dylib
0x0000000100124000 	/Library/Java/JavaVirtualMachines/jdk1.8.0_181.jdk/Contents/Home/jre/lib/libjava.dylib
0x00000001001a4000 	/Library/Java/JavaVirtualMachines/jdk1.8.0_181.jdk/Contents/Home/jre/lib/libzip.dylib
0x000000010a81a000 	/Library/Java/JavaVirtualMachines/jdk1.8.0_181.jdk/Contents/Home/jre/lib/libnio.dylib
0x000000010a82a000 	/Library/Java/JavaVirtualMachines/jdk1.8.0_181.jdk/Contents/Home/jre/lib/./libnet.dylib
0x000000010a854000 	/Library/Java/JavaVirtualMachines/jdk1.8.0_181.jdk/Contents/Home/jre/lib/libmanagement.dylib
0x000000010a0bf000 	/Library/Java/JavaVirtualMachines/jdk1.8.0_181.jdk/Contents/Home/jre/lib/libsunec.dylib

VM Arguments:
jvm_args: -Dfile.encoding=UTF-8 
java_command: com.sms.project.ProjectApplication
java_class_path (initial): /Users/tarasbulba/Downloads/project/target/classes:/Users/tarasbulba/.m2/repository/org/springframework/boot/spring-boot-starter-actuator/2.4.1/spring-boot-starter-actuator-2.4.1.jar:/Users/tarasbulba/.m2/repository/org/springframework/boot/spring-boot-starter/2.4.1/spring-boot-starter-2.4.1.jar:/Users/tarasbulba/.m2/repository/org/springframework/boot/spring-boot-starter-logging/2.4.1/spring-boot-starter-logging-2.4.1.jar:/Users/tarasbulba/.m2/repository/ch/qos/logback/logback-classic/1.2.3/logback-classic-1.2.3.jar:/Users/tarasbulba/.m2/repository/ch/qos/logback/logback-core/1.2.3/logback-core-1.2.3.jar:/Users/tarasbulba/.m2/repository/org/apache/logging/log4j/log4j-to-slf4j/2.13.3/log4j-to-slf4j-2.13.3.jar:/Users/tarasbulba/.m2/repository/org/apache/logging/log4j/log4j-api/2.13.3/log4j-api-2.13.3.jar:/Users/tarasbulba/.m2/repository/org/slf4j/jul-to-slf4j/1.7.30/jul-to-slf4j-1.7.30.jar:/Users/tarasbulba/.m2/repository/jakarta/annotation/jakarta.annotation-api/1.3.5/jakarta.annotation-api-1.3.5.jar:/Users/tarasbulba/.m2/repository/org/yaml/snakeyaml/1.27/snakeyaml-1.27.jar:/Users/tarasbulba/.m2/repository/org/springframework/boot/spring-boot-actuator-autoconfigure/2.4.1/spring-boot-actuator-autoconfigure-2.4.1.jar:/Users/tarasbulba/.m2/repository/org/springframework/boot/spring-boot-actuator/2.4.1/spring-boot-actuator-2.4.1.jar:/Users/tarasbulba/.m2/repository/com/fasterxml/jackson/datatype/jackson-datatype-jsr310/2.11.3/jackson-datatype-jsr310-2.11.3.jar:/Users/tarasbulba/.m2/repository/io/micrometer/micrometer-core/1.6.2/micrometer-core-1.6.2.jar:/Users/tarasbulba/.m2/repository/org/hdrhistogram/HdrHistogram/2.1.12/HdrHistogram-2.1.12.jar:/Users/tarasbulba/.m2/repository/org/latencyutils/LatencyUtils/2.0.3/LatencyUtils-2.0.3.jar:/Users/tarasbulba/.m2/repository/org/springframework/boot/spring-boot-starter-data-jpa/2.4.1/spring-boot-starter-data-jpa-2.4.1.jar:/Users/tarasbulba/.m2/repository/org/springframework/boot/spring-boot-starte
Launcher Type: SUN_STANDARD

Environment Variables:
PATH=/usr/bin:/bin:/usr/sbin:/sbin
SHELL=/bin/bash

Signal Handlers:
SIGSEGV: [libjvm.dylib+0x5b6029], sa_mask[0]=11111111011111110111111111111111, sa_flags=SA_ONSTACK|SA_RESTART|SA_SIGINFO
SIGBUS: [libjvm.dylib+0x5b6029], sa_mask[0]=11111111011111110111111111111111, sa_flags=SA_RESTART|SA_SIGINFO
SIGFPE: [libjvm.dylib+0x48b934], sa_mask[0]=11111111011111110111111111111111, sa_flags=SA_RESTART|SA_SIGINFO
SIGPIPE: [libjvm.dylib+0x48b934], sa_mask[0]=11111111011111110111111111111111, sa_flags=SA_RESTART|SA_SIGINFO
SIGXFSZ: [libjvm.dylib+0x48b934], sa_mask[0]=11111111011111110111111111111111, sa_flags=SA_RESTART|SA_SIGINFO
SIGILL: [libjvm.dylib+0x48b934], sa_mask[0]=11111111011111110111111111111111, sa_flags=SA_RESTART|SA_SIGINFO
SIGUSR1: SIG_DFL, sa_mask[0]=00000000000000000000000000000000, sa_flags=none
SIGUSR2: [libjvm.dylib+0x48b452], sa_mask[0]=00100000000000000000000000000000, sa_flags=SA_RESTART|SA_SIGINFO
SIGHUP: [libjvm.dylib+0x489a1d], sa_mask[0]=11111111011111110111111111111111, sa_flags=SA_RESTART|SA_SIGINFO
SIGINT: [libjvm.dylib+0x489a1d], sa_mask[0]=11111111011111110111111111111111, sa_flags=SA_RESTART|SA_SIGINFO
SIGTERM: [libjvm.dylib+0x489a1d], sa_mask[0]=11111111011111110111111111111111, sa_flags=SA_RESTART|SA_SIGINFO
SIGQUIT: [libjvm.dylib+0x489a1d], sa_mask[0]=11111111011111110111111111111111, sa_flags=SA_RESTART|SA_SIGINFO


---------------  S Y S T E M  ---------------

OS:Bsduname:Darwin 17.7.0 Darwin Kernel Version 17.7.0: Fri Oct 30 13:34:27 PDT 2020; root:xnu-4570.71.82.8~1/RELEASE_X86_64 x86_64
rlimit: STACK 8192k, CORE 0k, NPROC 709, NOFILE 10240, AS infinity
load average:2.27 2.73 2.84

CPU:total 4 (initial active 4) (2 cores per cpu, 2 threads per core) family 6 model 61 stepping 4, cmov, cx8, fxsr, mmx, sse, sse2, sse3, ssse3, sse4.1, sse4.2, popcnt, avx, avx2, aes, clmul, erms, 3dnowpref, lzcnt, ht, tsc, tscinvbit, bmi1, bmi2, adx

Memory: 4k page, physical 8388608k(15988k free)

/proc/meminfo:


vm_info: Java HotSpot(TM) 64-Bit Server VM (25.181-b13) for bsd-amd64 JRE (1.8.0_181-b13), built on Jul  7 2018 01:02:31 by "java_re" with gcc 4.2.1 (Based on Apple Inc. build 5658) (LLVM build 2336.11.00)

time: Wed Mar  2 13:56:30 2022
elapsed time: 18575 seconds (0d 5h 9m 35s)

